********************************************************************************
DUPLICATOR-LITE PACKAGE-LOG: November 21, 2021 8:23 am
NOTICE: Do NOT post to public sites or forums 
********************************************************************************
VERSION:	1.4.3
WORDPRESS:	5.8.2
PHP INFO:	7.4.10 | SAPI: apache2handler
SERVER:		Apache/2.4.46 (Win64) OpenSSL/1.1.1g PHP/7.4.10 
PHP TIME LIMIT: (0) no time limit imposed 
PHP MAX MEMORY: 4294967296 (512M default) 
MEMORY STACK: 6MB

********************************************************************************
DATABASE:
********************************************************************************
BUILD MODE:   MYSQLDUMP
MYSQLTIMEOUT: 5000
MYSQLDUMP:    Is Supported
SQL CREATED: 20211118_newsportaldevelop_453bf9c838be71275716_20211121082305_database.sql
SQL FILE SIZE: 961.2KB (984273)
SQL FILE TIME: 2021-11-21 08:23:28
SQL RUNTIME: 2.45 sec.

********************************************************************************
ARCHIVE (ZIP):
********************************************************************************
ARCHIVE DIR:  C:/xampp/htdocs
ARCHIVE FILE: 20211118_newsportaldevelop_453bf9c838be71275716_20211121082305_archive.zip
FILTERS: *OFF*
DIRS:
	not set
FILES:
	not set
EXTS:  not set
----------------------------------------
COMPRESSING
SIZE:	0B
STATS:	Dirs 0 | Files 0
SQL ADDED: 20211118_newsportaldevelop_453bf9c838be71275716_20211121082305_database.sql
ZipArchive Object
(
    [status] => 0
    [statusSys] => 0
    [numFiles] => 1
    [filename] => C:\xampp\htdocs\wp-content\backups-dup-lite\tmp\20211118_newsportaldevelop_453bf9c838be71275716_20211121082305_archive.zip
    [comment] => 
)

FILE ADDED TO ZIP: 0
COMPRESSION RESULT: '1'
COMPRESSED SIZE: 265.08KB
ARCHIVE RUNTIME: 0.47 sec.
MEMORY STACK: 6MB
building installer
add_extra_files1
add_extra_files2
add_extra_files3
add_extra_files4
Doing archive file check
add_extra_files5
add_extra_files6
add_extra_files8
Successfully opened zip C:/xampp/htdocs/wp-content/backups-dup-lite/tmp/20211118_newsportaldevelop_453bf9c838be71275716_20211121082305_archive.zip
Adding enhanced installer files to archive using ZipArchive
Installer files added to archive
Added to archive
After ziparchive close when adding installer

********************************************************************************
INTEGRITY CHECKS:
********************************************************************************
SQL FILE: 961.2KB
INSTALLER FILE: 64.26KB
ARCHIVE FILE: 1.22MB 
EXPECTED FILE/DIRECTORY COUNT: 0
ACTUAL FILE/DIRECTORY COUNT: 0
ARCHIVE CONSISTENCY TEST: Pass

********************************************************************************
RECORD ID:[7]
TOTAL PROCESS RUNTIME: 8.79 sec.
PEAK PHP MEMORY USED: 8MB
DONE PROCESSING => 20211118_newsportaldevelop November 21, 2021 8:23 am

