********************************************************************************
DUPLICATOR-LITE PACKAGE-LOG: November 18, 2021 11:47 am
NOTICE: Do NOT post to public sites or forums 
********************************************************************************
VERSION:	1.4.3
WORDPRESS:	5.8.2
PHP INFO:	7.4.10 | SAPI: apache2handler
SERVER:		Apache/2.4.46 (Win64) OpenSSL/1.1.1g PHP/7.4.10 
PHP TIME LIMIT: (0) no time limit imposed 
PHP MAX MEMORY: 4294967296 (512M default) 
MEMORY STACK: 4MB

********************************************************************************
DATABASE:
********************************************************************************
BUILD MODE:   MYSQLDUMP
MYSQLTIMEOUT: 5000
MYSQLDUMP:    Is Supported
SQL CREATED: 20211118_newsportaldevelop_8b1c53ab720f19a35979_20211118114301_database.sql
SQL FILE SIZE: 1.03MB (1083877)
SQL FILE TIME: 2021-11-18 11:47:44
SQL RUNTIME: 4.62 sec.

********************************************************************************
ARCHIVE (ZIP):
********************************************************************************
ARCHIVE DIR:  C:/xampp/htdocs
ARCHIVE FILE: 20211118_newsportaldevelop_8b1c53ab720f19a35979_20211118114301_archive.zip
FILTERS: *OFF*
DIRS:
	not set
FILES:
	not set
EXTS:  not set
----------------------------------------
COMPRESSING
SIZE:	356.09MB
STATS:	Dirs 3,397 | Files 20,091
SQL ADDED: 20211118_newsportaldevelop_8b1c53ab720f19a35979_20211118114301_database.sql
ZipArchive Object
(
    [status] => 0
    [statusSys] => 0
    [numFiles] => 23488
    [filename] => C:\xampp\htdocs\wp-content\backups-dup-lite\tmp\20211118_newsportaldevelop_8b1c53ab720f19a35979_20211118114301_archive.zip
    [comment] => 
)

FILE ADDED TO ZIP: 23487
[PHP ERR][WARN] MSG:ZipArchive::close(): Read error: No error [CODE:2|FILE:C:\xampp\htdocs\wp-content\plugins\duplicator\classes\package\class.pack.archive.zip.php|LINE:205]
do_action('wp_ajax_duplicator_package_build'), WP_Hook->do_action, WP_Hook->apply_filters, duplicator_package_build, DUP_Package->runZipBuild, DUP_Archive->build, DUP_Zip::create, ZipArchive->close, DUP_Handler::error, DUP_Handler::getMessage

==================================================================================
DUPLICATOR ERROR
Please try again! If the error persists see the Duplicator 'Help' menu.
---------------------------------------------------------------------------------
MESSAGE:
	ZipArchive close failure.
DETAILS:
	The ZipArchive engine is having issues zipping up the files on this server. For more details visit the FAQ
I'm getting a ZipArchive close failure when building. How can I resolve this?
[https://snapcreek.com/duplicator/docs/faqs-tech/#faq-package-165-q]
TRACE:
	 1. class.pack.archive.zip.php : error (214)
	 2. class.pack.archive.php : create (105)
	 3. class.pack.php : build (1318)
	 4. ctrl.package.php : runZipBuild (98)
	 5. class-wp-hook.php : duplicator_package_build (303)
	 6. class-wp-hook.php : apply_filters (327)
	 7. plugin.php : do_action (470)
	 8. admin-ajax.php : do_action (187)
==================================================================================

building installer
add_extra_files1

==================================================================================
DUPLICATOR ERROR
Please try again! If the error persists see the Duplicator 'Help' menu.
---------------------------------------------------------------------------------
MESSAGE:
	Installer C:/xampp/htdocs/wp-content/backups-dup-lite/tmp/20211118_newsportaldevelop_8b1c53ab720f19a35979_20211118114301_installer.php not present
TRACE:
	 1. class.pack.installer.php : error (209)
	 2. class.pack.installer.php : add_extra_files (48)
	 3. class.pack.php : build (1319)
	 4. ctrl.package.php : runZipBuild (98)
	 5. class-wp-hook.php : duplicator_package_build (303)
	 6. class-wp-hook.php : apply_filters (327)
	 7. plugin.php : do_action (470)
	 8. admin-ajax.php : do_action (187)
==================================================================================


==================================================================================
DUPLICATOR ERROR
Please try again! If the error persists see the Duplicator 'Help' menu.
---------------------------------------------------------------------------------
MESSAGE:
	Error adding installer
DETAILS:
	Marking build progress as failed because couldn't add installer files
TRACE:
	 1. class.pack.installer.php : error (66)
	 2. class.pack.php : build (1319)
	 3. ctrl.package.php : runZipBuild (98)
	 4. class-wp-hook.php : duplicator_package_build (303)
	 5. class-wp-hook.php : apply_filters (327)
	 6. plugin.php : do_action (470)
	 7. admin-ajax.php : do_action (187)
==================================================================================

