********************************************************************************
DUPLICATOR-LITE PACKAGE-LOG: November 21, 2021 3:35 pm
NOTICE: Do NOT post to public sites or forums 
********************************************************************************
VERSION:	1.4.3
WORDPRESS:	5.8.2
PHP INFO:	7.4.10 | SAPI: apache2handler
SERVER:		Apache/2.4.46 (Win64) OpenSSL/1.1.1g PHP/7.4.10 
PHP TIME LIMIT: (0) no time limit imposed 
PHP MAX MEMORY: 4294967296 (512M default) 
MEMORY STACK: 6MB

********************************************************************************
DATABASE:
********************************************************************************
BUILD MODE:   MYSQLDUMP
MYSQLTIMEOUT: 5000
MYSQLDUMP:    Is Supported
SQL CREATED: 20211118_newsportaldevelop_3bcfa5efa5e1e0453081_20211121153550_database.sql
SQL FILE SIZE: 1012.78KB (1037088)
SQL FILE TIME: 2021-11-21 15:36:02
SQL RUNTIME: 3.48 sec.

********************************************************************************
ARCHIVE (ZIP):
********************************************************************************
ARCHIVE DIR:  C:/xampp/htdocs/wp9/wordpress
ARCHIVE FILE: 20211118_newsportaldevelop_3bcfa5efa5e1e0453081_20211121153550_archive.zip
FILTERS: *OFF*
DIRS:
	not set
FILES:
	not set
EXTS:  not set
----------------------------------------
COMPRESSING
SIZE:	0B
STATS:	Dirs 0 | Files 0
SQL ADDED: 20211118_newsportaldevelop_3bcfa5efa5e1e0453081_20211121153550_database.sql
ZipArchive Object
(
    [status] => 0
    [statusSys] => 0
    [numFiles] => 1
    [filename] => C:\xampp\htdocs\wp9\wordpress\wp-content\backups-dup-lite\tmp\20211118_newsportaldevelop_3bcfa5efa5e1e0453081_20211121153550_archive.zip
    [comment] => 
)

FILE ADDED TO ZIP: 0
COMPRESSION RESULT: '1'
COMPRESSED SIZE: 273.29KB
ARCHIVE RUNTIME: 0.40 sec.
MEMORY STACK: 6MB
building installer
add_extra_files1
add_extra_files2
add_extra_files3
add_extra_files4
Doing archive file check
add_extra_files5
add_extra_files6
add_extra_files8
Successfully opened zip C:/xampp/htdocs/wp9/wordpress/wp-content/backups-dup-lite/tmp/20211118_newsportaldevelop_3bcfa5efa5e1e0453081_20211121153550_archive.zip
Adding enhanced installer files to archive using ZipArchive
Installer files added to archive
Added to archive
After ziparchive close when adding installer

********************************************************************************
INTEGRITY CHECKS:
********************************************************************************
SQL FILE: 1012.78KB
INSTALLER FILE: 64.26KB
ARCHIVE FILE: 1.23MB 
EXPECTED FILE/DIRECTORY COUNT: 0
ACTUAL FILE/DIRECTORY COUNT: 0
ARCHIVE CONSISTENCY TEST: Pass

********************************************************************************
RECORD ID:[8]
TOTAL PROCESS RUNTIME: 7.98 sec.
PEAK PHP MEMORY USED: 8MB
DONE PROCESSING => 20211118_newsportaldevelop November 21, 2021 3:36 pm

